2025-06-10 15:24:15,092 [DEBUG] Starting new HTTPS connection (1): api.binance.com:443
2025-06-10 15:24:15,696 [DEBUG] https://api.binance.com:443 "GET /api/v1/exchangeInfo HTTP/1.1" 200 254937
2025-06-10 15:24:16,760 [DEBUG] Starting new HTTPS connection (1): api.binance.com:443
2025-06-10 15:24:17,351 [DEBUG] https://api.binance.com:443 "GET /api/v1/exchangeInfo HTTP/1.1" 200 254937
2025-06-10 15:24:18,110 [DEBUG] Starting new HTTPS connection (1): api.binance.com:443
2025-06-10 15:24:18,128 [DEBUG] Получаем все неисполненные ордера по БД
2025-06-10 15:24:18,130 [DEBUG] Неисполненных ордеров в БД нет
2025-06-10 15:24:18,130 [DEBUG] Получаем из настроек все пары, по которым нет неисполненных ордеров
2025-06-10 15:24:18,132 [DEBUG] Найдены пары, по которым нет неисполненных ордеров: ['ADAETH']
2025-06-10 15:24:18,133 [DEBUG] Работаем с парой ADAETH
2025-06-10 15:24:18,133 [DEBUG] Проверяем индикаторы
2025-06-10 15:24:18,135 [DEBUG] Starting new HTTPS connection (1): api.binance.com:443
2025-06-10 15:24:18,637 [DEBUG] https://api.binance.com:443 "GET /api/v1/klines?symbol=ADAETH&interval=1h&limit=200 HTTP/1.1" 200 7825
2025-06-10 15:24:18,649 [DEBUG] Свеча набрала 2 баллов
2025-06-10 15:24:18,650 [DEBUG] Минимальный проходной балл 7. Пропуск пары
2025-06-10 15:24:18,654 [DEBUG] Получаем все неисполненные ордера по БД
2025-06-10 15:24:18,655 [DEBUG] Неисполненных ордеров в БД нет
2025-06-10 15:24:18,656 [DEBUG] Получаем из настроек все пары, по которым нет неисполненных ордеров
2025-06-10 15:24:18,658 [DEBUG] Найдены пары, по которым нет неисполненных ордеров: ['ADAETH']
2025-06-10 15:24:18,659 [DEBUG] Работаем с парой ADAETH
2025-06-10 15:24:18,659 [DEBUG] Проверяем индикаторы
2025-06-10 15:24:18,662 [DEBUG] Starting new HTTPS connection (1): api.binance.com:443
2025-06-10 15:24:18,710 [DEBUG] https://api.binance.com:443 "GET /api/v1/exchangeInfo HTTP/1.1" 200 254937
2025-06-10 15:24:19,509 [DEBUG] https://api.binance.com:443 "GET /api/v1/klines?symbol=ADAETH&interval=1h&limit=200 HTTP/1.1" 200 7825
2025-06-10 15:24:19,532 [DEBUG] Свеча набрала 2 баллов
2025-06-10 15:24:19,533 [DEBUG] Минимальный проходной балл 7. Пропуск пары
2025-06-10 15:24:19,535 [DEBUG] Получаем все неисполненные ордера по БД
2025-06-10 15:24:19,537 [DEBUG] Неисполненных ордеров в БД нет
2025-06-10 15:24:19,538 [DEBUG] Получаем из настроек все пары, по которым нет неисполненных ордеров
2025-06-10 15:24:19,540 [DEBUG] Найдены пары, по которым нет неисполненных ордеров: ['ADAETH']
2025-06-10 15:24:19,541 [DEBUG] Работаем с парой ADAETH
2025-06-10 15:24:19,542 [DEBUG] Проверяем индикаторы
2025-06-10 15:24:19,547 [DEBUG] Starting new HTTPS connection (1): api.binance.com:443
2025-06-10 15:24:20,048 [DEBUG] https://api.binance.com:443 "GET /api/v1/klines?symbol=ADAETH&interval=1h&limit=200 HTTP/1.1" 200 7825
2025-06-10 15:24:20,080 [DEBUG] Свеча набрала 2 баллов
2025-06-10 15:24:20,081 [DEBUG] Минимальный проходной балл 7. Пропуск пары
2025-06-10 15:24:20,085 [DEBUG] Получаем все неисполненные ордера по БД
2025-06-10 15:24:20,086 [DEBUG] Неисполненных ордеров в БД нет
2025-06-10 15:24:20,087 [DEBUG] Получаем из настроек все пары, по которым нет неисполненных ордеров
2025-06-10 15:24:20,089 [DEBUG] Найдены пары, по которым нет неисполненных ордеров: ['ADAETH']
2025-06-10 15:24:20,090 [DEBUG] Работаем с парой ADAETH
2025-06-10 15:24:20,092 [DEBUG] Проверяем индикаторы
2025-06-10 15:24:20,095 [DEBUG] Starting new HTTPS connection (1): api.binance.com:443
2025-06-10 15:24:20,576 [DEBUG] https://api.binance.com:443 "GET /api/v1/klines?symbol=ADAETH&interval=1h&limit=200 HTTP/1.1" 200 7825
2025-06-10 15:24:20,600 [DEBUG] Свеча набрала 2 баллов
2025-06-10 15:24:20,602 [DEBUG] Минимальный проходной балл 7. Пропуск пары
2025-06-10 15:24:20,610 [DEBUG] Получаем все неисполненные ордера по БД
2025-06-10 15:24:20,612 [DEBUG] Неисполненных ордеров в БД нет
2025-06-10 15:24:20,614 [DEBUG] Получаем из настроек все пары, по которым нет неисполненных ордеров
2025-06-10 15:24:20,616 [DEBUG] Найдены пары, по которым нет неисполненных ордеров: ['ADAETH']
2025-06-10 15:24:20,617 [DEBUG] Работаем с парой ADAETH
2025-06-10 15:24:20,618 [DEBUG] Проверяем индикаторы
2025-06-10 15:24:20,622 [DEBUG] Starting new HTTPS connection (1): api.binance.com:443
2025-06-10 15:24:21,126 [DEBUG] https://api.binance.com:443 "GET /api/v1/klines?symbol=ADAETH&interval=1h&limit=200 HTTP/1.1" 200 7825
2025-06-10 15:24:21,150 [DEBUG] Свеча набрала 2 баллов
2025-06-10 15:24:21,150 [DEBUG] Минимальный проходной балл 7. Пропуск пары
2025-06-10 15:24:21,156 [DEBUG] Получаем все неисполненные ордера по БД
2025-06-10 15:24:21,157 [DEBUG] Неисполненных ордеров в БД нет
2025-06-10 15:24:21,158 [DEBUG] Получаем из настроек все пары, по которым нет неисполненных ордеров
2025-06-10 15:24:21,160 [DEBUG] Найдены пары, по которым нет неисполненных ордеров: ['ADAETH']
2025-06-10 15:24:21,162 [DEBUG] Работаем с парой ADAETH
2025-06-10 15:24:21,163 [DEBUG] Проверяем индикаторы
2025-06-10 15:24:21,167 [DEBUG] Starting new HTTPS connection (1): api.binance.com:443
2025-06-10 15:24:21,708 [DEBUG] https://api.binance.com:443 "GET /api/v1/klines?symbol=ADAETH&interval=1h&limit=200 HTTP/1.1" 200 7825
2025-06-10 15:24:21,727 [DEBUG] Свеча набрала 2 баллов
2025-06-10 15:24:21,728 [DEBUG] Минимальный проходной балл 7. Пропуск пары
2025-06-10 15:24:21,732 [DEBUG] Получаем все неисполненные ордера по БД
2025-06-10 15:24:21,733 [DEBUG] Неисполненных ордеров в БД нет
2025-06-10 15:24:21,734 [DEBUG] Получаем из настроек все пары, по которым нет неисполненных ордеров
2025-06-10 15:24:21,737 [DEBUG] Найдены пары, по которым нет неисполненных ордеров: ['ADAETH']
2025-06-10 15:24:21,738 [DEBUG] Работаем с парой ADAETH
2025-06-10 15:24:21,741 [DEBUG] Проверяем индикаторы
2025-06-10 15:24:21,744 [DEBUG] Starting new HTTPS connection (1): api.binance.com:443
2025-06-10 15:24:22,241 [DEBUG] https://api.binance.com:443 "GET /api/v1/klines?symbol=ADAETH&interval=1h&limit=200 HTTP/1.1" 200 7825
2025-06-10 15:24:22,258 [DEBUG] Свеча набрала 2 баллов
2025-06-10 15:24:22,258 [DEBUG] Минимальный проходной балл 7. Пропуск пары
2025-06-10 15:24:22,261 [DEBUG] Получаем все неисполненные ордера по БД
2025-06-10 15:24:22,262 [DEBUG] Неисполненных ордеров в БД нет
2025-06-10 15:24:22,263 [DEBUG] Получаем из настроек все пары, по которым нет неисполненных ордеров
2025-06-10 15:24:22,265 [DEBUG] Найдены пары, по которым нет неисполненных ордеров: ['ADAETH']
2025-06-10 15:24:22,266 [DEBUG] Работаем с парой ADAETH
2025-06-10 15:24:22,267 [DEBUG] Проверяем индикаторы
2025-06-10 15:24:22,270 [DEBUG] Starting new HTTPS connection (1): api.binance.com:443
2025-06-10 15:24:22,772 [DEBUG] https://api.binance.com:443 "GET /api/v1/klines?symbol=ADAETH&interval=1h&limit=200 HTTP/1.1" 200 7825
2025-06-10 15:24:22,790 [DEBUG] Свеча набрала 2 баллов
2025-06-10 15:24:22,790 [DEBUG] Минимальный проходной балл 7. Пропуск пары
2025-06-10 15:24:22,793 [DEBUG] Получаем все неисполненные ордера по БД
2025-06-10 15:24:22,794 [DEBUG] Неисполненных ордеров в БД нет
2025-06-10 15:24:22,795 [DEBUG] Получаем из настроек все пары, по которым нет неисполненных ордеров
2025-06-10 15:24:22,796 [DEBUG] Найдены пары, по которым нет неисполненных ордеров: ['ADAETH']
2025-06-10 15:24:22,797 [DEBUG] Работаем с парой ADAETH
2025-06-10 15:24:22,798 [DEBUG] Проверяем индикаторы
2025-06-10 15:24:22,801 [DEBUG] Starting new HTTPS connection (1): api.binance.com:443
2025-06-10 15:24:23,289 [DEBUG] https://api.binance.com:443 "GET /api/v1/klines?symbol=ADAETH&interval=1h&limit=200 HTTP/1.1" 200 7825
2025-06-10 15:24:23,309 [DEBUG] Свеча набрала 2 баллов
2025-06-10 15:24:23,309 [DEBUG] Минимальный проходной балл 7. Пропуск пары
2025-06-10 15:24:23,315 [DEBUG] Получаем все неисполненные ордера по БД
2025-06-10 15:24:23,316 [DEBUG] Неисполненных ордеров в БД нет
2025-06-10 15:24:23,317 [DEBUG] Получаем из настроек все пары, по которым нет неисполненных ордеров
2025-06-10 15:24:23,319 [DEBUG] Найдены пары, по которым нет неисполненных ордеров: ['ADAETH']
2025-06-10 15:24:23,322 [DEBUG] Работаем с парой ADAETH
2025-06-10 15:24:23,324 [DEBUG] Проверяем индикаторы
2025-06-10 15:24:23,327 [DEBUG] Starting new HTTPS connection (1): api.binance.com:443
2025-06-10 15:24:23,817 [DEBUG] https://api.binance.com:443 "GET /api/v1/klines?symbol=ADAETH&interval=1h&limit=200 HTTP/1.1" 200 7825
2025-06-10 15:24:23,853 [DEBUG] Свеча набрала 2 баллов
2025-06-10 15:24:23,853 [DEBUG] Минимальный проходной балл 7. Пропуск пары
2025-06-10 15:24:23,860 [DEBUG] Получаем все неисполненные ордера по БД
2025-06-10 15:24:23,861 [DEBUG] Неисполненных ордеров в БД нет
2025-06-10 15:24:23,862 [DEBUG] Получаем из настроек все пары, по которым нет неисполненных ордеров
2025-06-10 15:24:23,864 [DEBUG] Найдены пары, по которым нет неисполненных ордеров: ['ADAETH']
2025-06-10 15:24:23,865 [DEBUG] Работаем с парой ADAETH
2025-06-10 15:24:23,867 [DEBUG] Проверяем индикаторы
2025-06-10 15:24:23,870 [DEBUG] Starting new HTTPS connection (1): api.binance.com:443
2025-06-10 15:24:24,350 [DEBUG] https://api.binance.com:443 "GET /api/v1/klines?symbol=ADAETH&interval=1h&limit=200 HTTP/1.1" 200 7825
2025-06-10 15:24:24,378 [DEBUG] Свеча набрала 2 баллов
2025-06-10 15:24:24,379 [DEBUG] Минимальный проходной балл 7. Пропуск пары
2025-06-10 15:24:24,387 [DEBUG] Получаем все неисполненные ордера по БД
2025-06-10 15:24:24,390 [DEBUG] Неисполненных ордеров в БД нет
2025-06-10 15:24:24,392 [DEBUG] Получаем из настроек все пары, по которым нет неисполненных ордеров
2025-06-10 15:24:24,394 [DEBUG] Найдены пары, по которым нет неисполненных ордеров: ['ADAETH']
2025-06-10 15:24:24,395 [DEBUG] Работаем с парой ADAETH
2025-06-10 15:24:24,396 [DEBUG] Проверяем индикаторы
2025-06-10 15:24:24,398 [DEBUG] Starting new HTTPS connection (1): api.binance.com:443
2025-06-10 15:24:24,904 [DEBUG] https://api.binance.com:443 "GET /api/v1/klines?symbol=ADAETH&interval=1h&limit=200 HTTP/1.1" 200 7825
2025-06-10 15:24:24,933 [DEBUG] Свеча набрала 2 баллов
2025-06-10 15:24:24,933 [DEBUG] Минимальный проходной балл 7. Пропуск пары
2025-06-10 15:24:24,937 [DEBUG] Получаем все неисполненные ордера по БД
2025-06-10 15:24:24,938 [DEBUG] Неисполненных ордеров в БД нет
2025-06-10 15:24:24,940 [DEBUG] Получаем из настроек все пары, по которым нет неисполненных ордеров
2025-06-10 15:24:24,941 [DEBUG] Найдены пары, по которым нет неисполненных ордеров: ['ADAETH']
2025-06-10 15:24:24,942 [DEBUG] Работаем с парой ADAETH
2025-06-10 15:24:24,943 [DEBUG] Проверяем индикаторы
2025-06-10 15:24:24,947 [DEBUG] Starting new HTTPS connection (1): api.binance.com:443
2025-06-10 15:24:25,451 [DEBUG] https://api.binance.com:443 "GET /api/v1/klines?symbol=ADAETH&interval=1h&limit=200 HTTP/1.1" 200 7825
2025-06-10 15:24:25,461 [DEBUG] Свеча набрала 2 баллов
2025-06-10 15:24:25,462 [DEBUG] Минимальный проходной балл 7. Пропуск пары
2025-06-10 15:24:25,464 [DEBUG] Получаем все неисполненные ордера по БД
2025-06-10 15:24:25,465 [DEBUG] Неисполненных ордеров в БД нет
2025-06-10 15:24:25,466 [DEBUG] Получаем из настроек все пары, по которым нет неисполненных ордеров
2025-06-10 15:24:25,467 [DEBUG] Найдены пары, по которым нет неисполненных ордеров: ['ADAETH']
2025-06-10 15:24:25,468 [DEBUG] Работаем с парой ADAETH
2025-06-10 15:24:25,469 [DEBUG] Проверяем индикаторы
2025-06-10 15:24:25,472 [DEBUG] Starting new HTTPS connection (1): api.binance.com:443
2025-06-10 15:24:26,010 [DEBUG] https://api.binance.com:443 "GET /api/v1/klines?symbol=ADAETH&interval=1h&limit=200 HTTP/1.1" 200 7825
2025-06-10 15:24:26,028 [DEBUG] Свеча набрала 2 баллов
2025-06-10 15:24:26,029 [DEBUG] Минимальный проходной балл 7. Пропуск пары
2025-06-10 15:24:26,032 [DEBUG] Получаем все неисполненные ордера по БД
2025-06-10 15:24:26,033 [DEBUG] Неисполненных ордеров в БД нет
2025-06-10 15:24:26,034 [DEBUG] Получаем из настроек все пары, по которым нет неисполненных ордеров
2025-06-10 15:24:26,036 [DEBUG] Найдены пары, по которым нет неисполненных ордеров: ['ADAETH']
2025-06-10 15:24:26,036 [DEBUG] Работаем с парой ADAETH
2025-06-10 15:24:26,038 [DEBUG] Проверяем индикаторы
2025-06-10 15:24:26,042 [DEBUG] Starting new HTTPS connection (1): api.binance.com:443
2025-06-10 15:24:26,526 [DEBUG] https://api.binance.com:443 "GET /api/v1/klines?symbol=ADAETH&interval=1h&limit=200 HTTP/1.1" 200 7825
2025-06-10 15:24:26,549 [DEBUG] Свеча набрала 2 баллов
2025-06-10 15:24:26,550 [DEBUG] Минимальный проходной балл 7. Пропуск пары
2025-06-10 15:24:26,558 [DEBUG] Получаем все неисполненные ордера по БД
2025-06-10 15:24:26,560 [DEBUG] Неисполненных ордеров в БД нет
2025-06-10 15:24:26,562 [DEBUG] Получаем из настроек все пары, по которым нет неисполненных ордеров
2025-06-10 15:24:26,567 [DEBUG] Найдены пары, по которым нет неисполненных ордеров: ['ADAETH']
2025-06-10 15:24:26,569 [DEBUG] Работаем с парой ADAETH
2025-06-10 15:24:26,571 [DEBUG] Проверяем индикаторы
2025-06-10 15:24:26,578 [DEBUG] Starting new HTTPS connection (1): api.binance.com:443
2025-06-10 15:24:27,077 [DEBUG] https://api.binance.com:443 "GET /api/v1/klines?symbol=ADAETH&interval=1h&limit=200 HTTP/1.1" 200 7825
2025-06-10 15:24:27,095 [DEBUG] Свеча набрала 2 баллов
2025-06-10 15:24:27,096 [DEBUG] Минимальный проходной балл 7. Пропуск пары
2025-06-10 15:24:27,100 [DEBUG] Получаем все неисполненные ордера по БД
2025-06-10 15:24:27,101 [DEBUG] Неисполненных ордеров в БД нет
2025-06-10 15:24:27,102 [DEBUG] Получаем из настроек все пары, по которым нет неисполненных ордеров
2025-06-10 15:24:27,104 [DEBUG] Найдены пары, по которым нет неисполненных ордеров: ['ADAETH']
2025-06-10 15:24:27,105 [DEBUG] Работаем с парой ADAETH
2025-06-10 15:24:27,108 [DEBUG] Проверяем индикаторы
2025-06-10 15:24:27,114 [DEBUG] Starting new HTTPS connection (1): api.binance.com:443
2025-06-10 15:24:27,613 [DEBUG] https://api.binance.com:443 "GET /api/v1/klines?symbol=ADAETH&interval=1h&limit=200 HTTP/1.1" 200 7825
2025-06-10 15:24:27,630 [DEBUG] Свеча набрала 2 баллов
2025-06-10 15:24:27,631 [DEBUG] Минимальный проходной балл 7. Пропуск пары
2025-06-10 15:24:27,633 [DEBUG] Получаем все неисполненные ордера по БД
2025-06-10 15:24:27,635 [DEBUG] Неисполненных ордеров в БД нет
2025-06-10 15:24:27,636 [DEBUG] Получаем из настроек все пары, по которым нет неисполненных ордеров
2025-06-10 15:24:27,639 [DEBUG] Найдены пары, по которым нет неисполненных ордеров: ['ADAETH']
2025-06-10 15:24:27,641 [DEBUG] Работаем с парой ADAETH
2025-06-10 15:24:27,642 [DEBUG] Проверяем индикаторы
2025-06-10 15:24:27,647 [DEBUG] Starting new HTTPS connection (1): api.binance.com:443
2025-06-10 15:24:28,154 [DEBUG] https://api.binance.com:443 "GET /api/v1/klines?symbol=ADAETH&interval=1h&limit=200 HTTP/1.1" 200 7825
2025-06-10 15:24:28,177 [DEBUG] Свеча набрала 2 баллов
2025-06-10 15:24:28,178 [DEBUG] Минимальный проходной балл 7. Пропуск пары
2025-06-10 15:24:28,185 [DEBUG] Получаем все неисполненные ордера по БД
2025-06-10 15:24:28,187 [DEBUG] Неисполненных ордеров в БД нет
2025-06-10 15:24:28,189 [DEBUG] Получаем из настроек все пары, по которым нет неисполненных ордеров
2025-06-10 15:24:28,195 [DEBUG] Найдены пары, по которым нет неисполненных ордеров: ['ADAETH']
2025-06-10 15:24:28,197 [DEBUG] Работаем с парой ADAETH
2025-06-10 15:24:28,200 [DEBUG] Проверяем индикаторы
2025-06-10 15:24:28,209 [DEBUG] Starting new HTTPS connection (1): api.binance.com:443
2025-06-10 15:24:28,709 [DEBUG] https://api.binance.com:443 "GET /api/v1/klines?symbol=ADAETH&interval=1h&limit=200 HTTP/1.1" 200 7825
2025-06-10 15:24:28,731 [DEBUG] Свеча набрала 2 баллов
2025-06-10 15:24:28,732 [DEBUG] Минимальный проходной балл 7. Пропуск пары
2025-06-10 15:24:28,736 [DEBUG] Получаем все неисполненные ордера по БД
2025-06-10 15:24:28,739 [DEBUG] Неисполненных ордеров в БД нет
2025-06-10 15:24:28,740 [DEBUG] Получаем из настроек все пары, по которым нет неисполненных ордеров
2025-06-10 15:24:28,742 [DEBUG] Найдены пары, по которым нет неисполненных ордеров: ['ADAETH']
2025-06-10 15:24:28,744 [DEBUG] Работаем с парой ADAETH
2025-06-10 15:24:28,746 [DEBUG] Проверяем индикаторы
2025-06-10 15:24:28,749 [DEBUG] Starting new HTTPS connection (1): api.binance.com:443
2025-06-10 15:24:29,246 [DEBUG] https://api.binance.com:443 "GET /api/v1/klines?symbol=ADAETH&interval=1h&limit=200 HTTP/1.1" 200 7825
2025-06-10 15:24:29,256 [DEBUG] Свеча набрала 2 баллов
2025-06-10 15:24:29,257 [DEBUG] Минимальный проходной балл 7. Пропуск пары
2025-06-10 15:24:29,259 [DEBUG] Получаем все неисполненные ордера по БД
2025-06-10 15:24:29,260 [DEBUG] Неисполненных ордеров в БД нет
2025-06-10 15:24:29,260 [DEBUG] Получаем из настроек все пары, по которым нет неисполненных ордеров
2025-06-10 15:24:29,262 [DEBUG] Найдены пары, по которым нет неисполненных ордеров: ['ADAETH']
2025-06-10 15:24:29,263 [DEBUG] Работаем с парой ADAETH
2025-06-10 15:24:29,263 [DEBUG] Проверяем индикаторы
2025-06-10 15:24:29,266 [DEBUG] Starting new HTTPS connection (1): api.binance.com:443
2025-06-10 15:24:29,765 [DEBUG] https://api.binance.com:443 "GET /api/v1/klines?symbol=ADAETH&interval=1h&limit=200 HTTP/1.1" 200 7825
2025-06-10 15:24:29,789 [DEBUG] Свеча набрала 2 баллов
2025-06-10 15:24:29,791 [DEBUG] Минимальный проходной балл 7. Пропуск пары
2025-06-10 15:24:29,795 [DEBUG] Получаем все неисполненные ордера по БД
2025-06-10 15:24:29,796 [DEBUG] Неисполненных ордеров в БД нет
2025-06-10 15:24:29,796 [DEBUG] Получаем из настроек все пары, по которым нет неисполненных ордеров
2025-06-10 15:24:29,798 [DEBUG] Найдены пары, по которым нет неисполненных ордеров: ['ADAETH']
2025-06-10 15:24:29,799 [DEBUG] Работаем с парой ADAETH
2025-06-10 15:24:29,800 [DEBUG] Проверяем индикаторы
2025-06-10 15:24:29,802 [DEBUG] Starting new HTTPS connection (1): api.binance.com:443
2025-06-10 15:24:30,285 [DEBUG] https://api.binance.com:443 "GET /api/v1/klines?symbol=ADAETH&interval=1h&limit=200 HTTP/1.1" 200 7825
2025-06-10 15:24:30,307 [DEBUG] Свеча набрала 2 баллов
2025-06-10 15:24:30,308 [DEBUG] Минимальный проходной балл 7. Пропуск пары
2025-06-10 15:24:30,312 [DEBUG] Получаем все неисполненные ордера по БД
2025-06-10 15:24:30,314 [DEBUG] Неисполненных ордеров в БД нет
2025-06-10 15:24:30,315 [DEBUG] Получаем из настроек все пары, по которым нет неисполненных ордеров
2025-06-10 15:24:30,317 [DEBUG] Найдены пары, по которым нет неисполненных ордеров: ['ADAETH']
2025-06-10 15:24:30,318 [DEBUG] Работаем с парой ADAETH
2025-06-10 15:24:30,321 [DEBUG] Проверяем индикаторы
2025-06-10 15:24:30,325 [DEBUG] Starting new HTTPS connection (1): api.binance.com:443
2025-06-10 15:24:30,826 [DEBUG] https://api.binance.com:443 "GET /api/v1/klines?symbol=ADAETH&interval=1h&limit=200 HTTP/1.1" 200 7825
2025-06-10 15:24:30,836 [DEBUG] Свеча набрала 2 баллов
2025-06-10 15:24:30,836 [DEBUG] Минимальный проходной балл 7. Пропуск пары
2025-06-10 15:24:30,843 [DEBUG] Получаем все неисполненные ордера по БД
2025-06-10 15:24:30,844 [DEBUG] Неисполненных ордеров в БД нет
2025-06-10 15:24:30,845 [DEBUG] Получаем из настроек все пары, по которым нет неисполненных ордеров
2025-06-10 15:24:30,849 [DEBUG] Найдены пары, по которым нет неисполненных ордеров: ['ADAETH']
2025-06-10 15:24:30,850 [DEBUG] Работаем с парой ADAETH
2025-06-10 15:24:30,851 [DEBUG] Проверяем индикаторы
2025-06-10 15:24:30,854 [DEBUG] Starting new HTTPS connection (1): api.binance.com:443
2025-06-10 15:24:31,355 [DEBUG] https://api.binance.com:443 "GET /api/v1/klines?symbol=ADAETH&interval=1h&limit=200 HTTP/1.1" 200 7825
2025-06-10 15:24:31,387 [DEBUG] Свеча набрала 2 баллов
2025-06-10 15:24:31,388 [DEBUG] Минимальный проходной балл 7. Пропуск пары
2025-06-10 15:24:31,392 [DEBUG] Получаем все неисполненные ордера по БД
2025-06-10 15:24:31,393 [DEBUG] Неисполненных ордеров в БД нет
2025-06-10 15:24:31,394 [DEBUG] Получаем из настроек все пары, по которым нет неисполненных ордеров
2025-06-10 15:24:31,396 [DEBUG] Найдены пары, по которым нет неисполненных ордеров: ['ADAETH']
2025-06-10 15:24:31,397 [DEBUG] Работаем с парой ADAETH
2025-06-10 15:24:31,398 [DEBUG] Проверяем индикаторы
2025-06-10 15:24:31,401 [DEBUG] Starting new HTTPS connection (1): api.binance.com:443
2025-06-10 15:24:31,887 [DEBUG] https://api.binance.com:443 "GET /api/v1/klines?symbol=ADAETH&interval=1h&limit=200 HTTP/1.1" 200 7825
2025-06-10 15:24:31,899 [DEBUG] Свеча набрала 2 баллов
2025-06-10 15:24:31,900 [DEBUG] Минимальный проходной балл 7. Пропуск пары
2025-06-10 15:24:31,902 [DEBUG] Получаем все неисполненные ордера по БД
2025-06-10 15:24:31,903 [DEBUG] Неисполненных ордеров в БД нет
2025-06-10 15:24:31,904 [DEBUG] Получаем из настроек все пары, по которым нет неисполненных ордеров
2025-06-10 15:24:31,906 [DEBUG] Найдены пары, по которым нет неисполненных ордеров: ['ADAETH']
2025-06-10 15:24:31,908 [DEBUG] Работаем с парой ADAETH
2025-06-10 15:24:31,910 [DEBUG] Проверяем индикаторы
2025-06-10 15:24:31,912 [DEBUG] Starting new HTTPS connection (1): api.binance.com:443
2025-06-10 15:24:32,477 [DEBUG] https://api.binance.com:443 "GET /api/v1/klines?symbol=ADAETH&interval=1h&limit=200 HTTP/1.1" 200 7825
2025-06-10 15:24:32,486 [DEBUG] Свеча набрала 2 баллов
2025-06-10 15:24:32,487 [DEBUG] Минимальный проходной балл 7. Пропуск пары
2025-06-10 15:24:32,490 [DEBUG] Получаем все неисполненные ордера по БД
2025-06-10 15:24:32,491 [DEBUG] Неисполненных ордеров в БД нет
2025-06-10 15:24:32,491 [DEBUG] Получаем из настроек все пары, по которым нет неисполненных ордеров
2025-06-10 15:24:32,493 [DEBUG] Найдены пары, по которым нет неисполненных ордеров: ['ADAETH']
2025-06-10 15:24:32,494 [DEBUG] Работаем с парой ADAETH
2025-06-10 15:24:32,494 [DEBUG] Проверяем индикаторы
2025-06-10 15:24:32,497 [DEBUG] Starting new HTTPS connection (1): api.binance.com:443
2025-06-10 15:24:33,021 [DEBUG] https://api.binance.com:443 "GET /api/v1/klines?symbol=ADAETH&interval=1h&limit=200 HTTP/1.1" 200 7825
2025-06-10 15:24:33,031 [DEBUG] Свеча набрала 2 баллов
2025-06-10 15:24:33,032 [DEBUG] Минимальный проходной балл 7. Пропуск пары
2025-06-10 15:24:33,035 [DEBUG] Получаем все неисполненные ордера по БД
2025-06-10 15:24:33,036 [DEBUG] Неисполненных ордеров в БД нет
2025-06-10 15:24:33,037 [DEBUG] Получаем из настроек все пары, по которым нет неисполненных ордеров
2025-06-10 15:24:33,039 [DEBUG] Найдены пары, по которым нет неисполненных ордеров: ['ADAETH']
2025-06-10 15:24:33,041 [DEBUG] Работаем с парой ADAETH
2025-06-10 15:24:33,042 [DEBUG] Проверяем индикаторы
2025-06-10 15:24:33,044 [DEBUG] Starting new HTTPS connection (1): api.binance.com:443
2025-06-10 15:24:33,568 [DEBUG] https://api.binance.com:443 "GET /api/v1/klines?symbol=ADAETH&interval=1h&limit=200 HTTP/1.1" 200 7825
2025-06-10 15:24:33,579 [DEBUG] Свеча набрала 2 баллов
2025-06-10 15:24:33,579 [DEBUG] Минимальный проходной балл 7. Пропуск пары
2025-06-10 15:24:33,582 [DEBUG] Получаем все неисполненные ордера по БД
2025-06-10 15:24:33,583 [DEBUG] Неисполненных ордеров в БД нет
2025-06-10 15:24:33,584 [DEBUG] Получаем из настроек все пары, по которым нет неисполненных ордеров
2025-06-10 15:24:33,586 [DEBUG] Найдены пары, по которым нет неисполненных ордеров: ['ADAETH']
2025-06-10 15:24:33,586 [DEBUG] Работаем с парой ADAETH
2025-06-10 15:24:33,589 [DEBUG] Проверяем индикаторы
2025-06-10 15:24:33,592 [DEBUG] Starting new HTTPS connection (1): api.binance.com:443
2025-06-10 15:24:34,073 [DEBUG] https://api.binance.com:443 "GET /api/v1/klines?symbol=ADAETH&interval=1h&limit=200 HTTP/1.1" 200 7825
2025-06-10 15:24:34,092 [DEBUG] Свеча набрала 2 баллов
2025-06-10 15:24:34,093 [DEBUG] Минимальный проходной балл 7. Пропуск пары
2025-06-10 15:24:34,098 [DEBUG] Получаем все неисполненные ордера по БД
2025-06-10 15:24:34,099 [DEBUG] Неисполненных ордеров в БД нет
2025-06-10 15:24:34,100 [DEBUG] Получаем из настроек все пары, по которым нет неисполненных ордеров
2025-06-10 15:24:34,102 [DEBUG] Найдены пары, по которым нет неисполненных ордеров: ['ADAETH']
2025-06-10 15:24:34,102 [DEBUG] Работаем с парой ADAETH
2025-06-10 15:24:34,105 [DEBUG] Проверяем индикаторы
2025-06-10 15:24:34,109 [DEBUG] Starting new HTTPS connection (1): api.binance.com:443
